

============================== 2022-11-02 09:10:45.444842 | 3938395a-3764-4126-9922-8124eb00ba66 ==============================
[0m09:10:45.444865 [info ] [MainThread]: Running with dbt=1.3.0
[0m09:10:45.445269 [debug] [MainThread]: running dbt with arguments {'write_json': True, 'use_colors': True, 'printer_width': 80, 'version_check': True, 'partial_parse': True, 'static_parser': True, 'profiles_dir': '/root/.dbt', 'send_anonymous_usage_stats': True, 'event_buffer_size': 100000, 'quiet': False, 'no_print': False, 'project_name': 'dbt_project', 'skip_profile_setup': False, 'which': 'init', 'indirect_selection': 'eager'}
[0m09:10:45.445455 [debug] [MainThread]: Tracking: tracking
[0m09:10:45.447855 [debug] [MainThread]: Sending event: {'category': 'dbt', 'action': 'invocation', 'label': 'start', 'context': [<snowplow_tracker.self_describing_json.SelfDescribingJson object at 0x7f52fc202e90>, <snowplow_tracker.self_describing_json.SelfDescribingJson object at 0x7f52fc202bf0>, <snowplow_tracker.self_describing_json.SelfDescribingJson object at 0x7f52fc202d70>]}
[0m09:10:45.448286 [info ] [MainThread]: Creating dbt configuration folder at /root/.dbt
[0m09:10:45.461818 [debug] [MainThread]: Starter project path: /usr/local/lib/python3.10/dist-packages/dbt/include/starter_project
[0m09:28:54.770055 [info ] [MainThread]: Profile dbt_project written to /root/.dbt/profiles.yml using target's profile_template.yml and your supplied values. Run 'dbt debug' to validate the connection.
[0m09:28:54.772075 [info ] [MainThread]: 
Your new dbt project "dbt_project" was created!

For more information on how to configure the profiles.yml file,
please consult the dbt documentation here:

  https://docs.getdbt.com/docs/configure-your-profile

One more thing:

Need help? Don't hesitate to reach out to us via GitHub issues or on Slack:

  https://community.getdbt.com/

Happy modeling!

[0m09:28:54.773281 [debug] [MainThread]: Sending event: {'category': 'dbt', 'action': 'invocation', 'label': 'end', 'context': [<snowplow_tracker.self_describing_json.SelfDescribingJson object at 0x7f52fc202d10>, <snowplow_tracker.self_describing_json.SelfDescribingJson object at 0x7f52fc202d70>, <snowplow_tracker.self_describing_json.SelfDescribingJson object at 0x7f52fc2000d0>]}
[0m09:28:54.774704 [debug] [MainThread]: Flushing usage events


============================== 2022-11-02 09:32:16.045465 | 99f92043-1366-4195-8f8f-2f0f15289a74 ==============================
[0m09:32:16.045484 [info ] [MainThread]: Running with dbt=1.3.0
[0m09:32:16.045838 [debug] [MainThread]: running dbt with arguments {'write_json': True, 'use_colors': True, 'printer_width': 80, 'version_check': True, 'partial_parse': True, 'static_parser': True, 'profiles_dir': '/root/.dbt', 'send_anonymous_usage_stats': True, 'event_buffer_size': 100000, 'quiet': False, 'no_print': False, 'config_dir': False, 'which': 'debug', 'indirect_selection': 'eager'}
[0m09:32:16.045987 [debug] [MainThread]: Tracking: tracking
[0m09:32:16.047388 [debug] [MainThread]: Sending event: {'category': 'dbt', 'action': 'invocation', 'label': 'start', 'context': [<snowplow_tracker.self_describing_json.SelfDescribingJson object at 0x7f2bf8b03640>, <snowplow_tracker.self_describing_json.SelfDescribingJson object at 0x7f2bf8b03a60>, <snowplow_tracker.self_describing_json.SelfDescribingJson object at 0x7f2bf8b038b0>]}
[0m09:32:16.936977 [debug] [MainThread]: Executing "git --help"
[0m09:32:16.954076 [debug] [MainThread]: STDOUT: "b"usage: git [--version] [--help] [-C <path>] [-c <name>=<value>]\n           [--exec-path[=<path>]] [--html-path] [--man-path] [--info-path]\n           [-p | --paginate | -P | --no-pager] [--no-replace-objects] [--bare]\n           [--git-dir=<path>] [--work-tree=<path>] [--namespace=<name>]\n           [--super-prefix=<path>] [--config-env=<name>=<envvar>]\n           <command> [<args>]\n\nThese are common Git commands used in various situations:\n\nstart a working area (see also: git help tutorial)\n   clone     Clone a repository into a new directory\n   init      Create an empty Git repository or reinitialize an existing one\n\nwork on the current change (see also: git help everyday)\n   add       Add file contents to the index\n   mv        Move or rename a file, a directory, or a symlink\n   restore   Restore working tree files\n   rm        Remove files from the working tree and from the index\n\nexamine the history and state (see also: git help revisions)\n   bisect    Use binary search to find the commit that introduced a bug\n   diff      Show changes between commits, commit and working tree, etc\n   grep      Print lines matching a pattern\n   log       Show commit logs\n   show      Show various types of objects\n   status    Show the working tree status\n\ngrow, mark and tweak your common history\n   branch    List, create, or delete branches\n   commit    Record changes to the repository\n   merge     Join two or more development histories together\n   rebase    Reapply commits on top of another base tip\n   reset     Reset current HEAD to the specified state\n   switch    Switch branches\n   tag       Create, list, delete or verify a tag object signed with GPG\n\ncollaborate (see also: git help workflows)\n   fetch     Download objects and refs from another repository\n   pull      Fetch from and integrate with another repository or a local branch\n   push      Update remote refs along with associated objects\n\n'git help -a' and 'git help -g' list available subcommands and some\nconcept guides. See 'git help <command>' or 'git help <concept>'\nto read about a specific subcommand or concept.\nSee 'git help git' for an overview of the system.\n""
[0m09:32:16.954361 [debug] [MainThread]: STDERR: "b''"
[0m09:32:16.957329 [debug] [MainThread]: Acquiring new snowflake connection "debug"
[0m09:32:16.958158 [debug] [MainThread]: Using snowflake connection "debug"
[0m09:32:16.958319 [debug] [MainThread]: On debug: select 1 as id
[0m09:32:16.958527 [debug] [MainThread]: Opening a new connection, currently in state init
[0m09:34:37.201770 [debug] [MainThread]: Snowflake adapter: Error running SQL: select 1 as id
[0m09:34:37.202463 [debug] [MainThread]: Snowflake adapter: Rolling back transaction.
[0m09:34:37.203009 [debug] [MainThread]: On debug: No close available on handle
[0m09:34:37.204331 [debug] [MainThread]: Sending event: {'category': 'dbt', 'action': 'invocation', 'label': 'end', 'context': [<snowplow_tracker.self_describing_json.SelfDescribingJson object at 0x7f2bccb86170>, <snowplow_tracker.self_describing_json.SelfDescribingJson object at 0x7f2bcd3959c0>, <snowplow_tracker.self_describing_json.SelfDescribingJson object at 0x7f2bcd3975e0>]}
[0m09:34:37.205604 [debug] [MainThread]: Flushing usage events
[0m09:34:38.100686 [debug] [MainThread]: Connection 'debug' was properly closed.
